{
  "stats": {
    "suites": 1,
    "tests": 1,
    "passes": 1,
    "pending": 0,
    "failures": 0,
    "start": "2024-06-28T20:12:55.654Z",
    "end": "2024-06-28T20:13:00.502Z",
    "duration": 4848,
    "testsRegistered": 1,
    "passPercent": 100,
    "pendingPercent": 0,
    "other": 0,
    "hasOther": false,
    "skipped": 0,
    "hasSkipped": false
  },
  "results": [
    {
      "uuid": "3b7aa71b-ed92-4416-8984-8c4cffd4a609",
      "title": "",
      "fullFile": "cypress\\e2e\\login.cy.js",
      "file": "cypress\\e2e\\login.cy.js",
      "beforeHooks": [],
      "afterHooks": [],
      "tests": [],
      "suites": [
        {
          "uuid": "f51bd9b3-5ec1-4be7-a595-767867c62c91",
          "title": "Login",
          "fullFile": "",
          "file": "",
          "beforeHooks": [],
          "afterHooks": [],
          "tests": [
            {
              "title": "Login - FAZER LOGIN COM SUCESSO NO SISTEMA",
              "fullTitle": "Login Login - FAZER LOGIN COM SUCESSO NO SISTEMA",
              "timedOut": null,
              "duration": 4783,
              "state": "passed",
              "speed": "fast",
              "pass": true,
              "fail": false,
              "pending": false,
              "context": null,
              "code": "login('luiz2017mp@gmail.com', '23744104');\ncy.url().then(url => {\n  if (url.includes('/define-acesso')) {\n    cy.get('.login-box-msg').should('contain.text', 'Selecione a workspace que deseja utilizar');\n    cy.contains('button[name=\"subdominio_id\"]', 'TesteAutomatizado2').click();\n    cy.get('.sidebar-menu.tree').children('.header').should('contain.text', 'MENU');\n  } else if (url.includes('/home')) {\n    cy.get('.sidebar-menu.tree').children('.header').should('contain.text', 'MENU');\n  } else {\n    throw new Error('URL não encontrada');\n  }\n});",
              "err": {},
              "uuid": "084bbb6e-cc2e-4e3d-82f6-181cc7b77702",
              "parentUUID": "f51bd9b3-5ec1-4be7-a595-767867c62c91",
              "isHook": false,
              "skipped": false
            }
          ],
          "suites": [],
          "passes": [
            "084bbb6e-cc2e-4e3d-82f6-181cc7b77702"
          ],
          "failures": [],
          "pending": [],
          "skipped": [],
          "duration": 4783,
          "root": false,
          "rootEmpty": false,
          "_timeout": 2000
        }
      ],
      "passes": [],
      "failures": [],
      "pending": [],
      "skipped": [],
      "duration": 0,
      "root": true,
      "rootEmpty": true,
      "_timeout": 2000
    }
  ],
  "meta": {
    "mocha": {
      "version": "7.0.1"
    },
    "mochawesome": {
      "options": {
        "quiet": false,
        "reportFilename": "mochawesome",
        "saveHtml": true,
        "saveJson": true,
        "consoleReporter": "spec",
        "useInlineDiffs": false,
        "code": true
      },
      "version": "7.1.3"
    },
    "marge": {
      "options": null,
      "version": "6.2.0"
    }
  }
}